<?xml version="1.0" encoding="UTF-8"?>
<testng-results skipped="0" failed="0" ignored="0" total="1" passed="1">
  <reporter-output>
  </reporter-output>
  <suite name="Default suite" duration-ms="31428" started-at="2020-02-01T17:09:49 CST" finished-at="2020-02-01T17:10:21 CST">
    <groups>
    </groups>
    <test name="Default test" duration-ms="31428" started-at="2020-02-01T17:09:49 CST" finished-at="2020-02-01T17:10:21 CST">
      <class name="testcases.Login">
        <test-method status="PASS" signature="Login()[pri:0, instance:testcases.Login@56235b8e]" name="Login" duration-ms="31320" started-at="2020-02-01T17:09:49 CST" finished-at="2020-02-01T17:10:21 CST">
          <reporter-output>
          </reporter-output>
        </test-method> <!-- Login -->
      </class> <!-- testcases.Login -->
    </test> <!-- Default test -->
  </suite> <!-- Default suite -->
</testng-results>
